[2025-03-30 08:30:52] ACTIVITY: Admin Action: Update Settings {"user_id":"1","username":"Believe","ip":"::1","details":{"settings_updated":["site_name","site_description","contact_email","contact_phone","contact_address","social_facebook","social_twitter","social_linkedin","google_analytics_id","recaptcha_site_key","recaptcha_secret_key","tinymce_api_key"]}}
[2025-03-30 09:30:27] ACTIVITY: Admin Action: Update Settings {"user_id":"1","username":"Believe","ip":"::1","details":{"settings_updated":["site_name","site_description","contact_email","contact_phone","contact_address","social_facebook","social_twitter","social_linkedin","google_analytics_id","recaptcha_site_key","recaptcha_secret_key","tinymce_api_key"]}}
[2025-03-30 09:40:38] ACTIVITY: Admin Action: Add Portfolio Category {"user_id":"1","username":"Believe","ip":"::1","details":{"name":"Animation"}}
[2025-03-30 09:40:38] ACTIVITY: Form Submission: Add Portfolio Category Form {"user_id":"1","username":"Believe","ip":"::1","form_data":{"csrf_token":"416210e82ac38bd2caf16e1e1b624f2ce7ef920619d8764ce5d79b8799e89809","action":"add_category","id":"","name":"Animation","description":"<p>For all animated works<\/p>"}}
[2025-03-30 12:39:55] ACTIVITY: Admin Action: Update Settings {"user_id":"1","username":"Believe","ip":"::1","details":{"settings_updated":["site_name","site_description","contact_email","contact_phone","contact_address","social_facebook","social_twitter","social_linkedin","google_analytics_id","recaptcha_site_key","recaptcha_secret_key","tinymce_api_key"]}}
[2025-03-30 12:40:21] ACTIVITY: Admin Action: Update Settings {"user_id":"1","username":"Believe","ip":"::1","details":{"settings_updated":["site_name","site_description","contact_email","contact_phone","contact_address","social_facebook","social_twitter","social_linkedin","google_analytics_id","recaptcha_site_key","recaptcha_secret_key","tinymce_api_key"]}}
[2025-03-31 13:39:20] ACTIVITY: Admin Action: Add Portfolio Category {"user_id":1,"username":"Believe","ip":"::1","details":{"name":"Graphic Designs"}}
[2025-03-31 13:39:20] ACTIVITY: Form Submission: Add Portfolio Category Form {"user_id":1,"username":"Believe","ip":"::1","form_data":{"csrf_token":"d2058e1f39012f237a2a37d358ee5979ed966a7281999b9a2e6a8b31560ea8be","action":"add_category","id":"","name":"Graphic Designs","description":"<p>Bringing your dream design into reality<\/p>"}}
[2025-03-31 13:54:50] ACTIVITY: Admin Action: Add Service {"user_id":1,"username":"Believe","ip":"::1","details":{"title":"Training"}}
[2025-03-31 13:54:50] ACTIVITY: Form Submission: Add Service Form {"user_id":1,"username":"Believe","ip":"::1","form_data":{"action":"add_service","csrf_token":"d2058e1f39012f237a2a37d358ee5979ed966a7281999b9a2e6a8b31560ea8be","title":"Training","icon":"fas fa-award","description":"<p>We train learners in various tech skill<\/p>"}}
[2025-03-31 15:37:13] ACTIVITY: Admin Action: Update Settings {"user_id":1,"username":"Believe","ip":"::1","details":{"settings_updated":["site_name","site_description","contact_email","contact_phone","contact_address","social_facebook","social_twitter","social_linkedin","google_analytics_id","recaptcha_site_key","recaptcha_secret_key","tinymce_api_key"]}}
[2025-04-03 11:53:02] ACTIVITY: Admin Action: Update Settings {"user_id":1,"username":"believeTeckk","ip":"::1","details":{"settings_updated":["site_name","site_description","contact_email","contact_phone","contact_address","working_hours","social_facebook","social_twitter","social_linkedin","google_analytics_id","recaptcha_site_key","recaptcha_secret_key","tinymce_api_key"]}}
[2025-04-03 11:53:21] ACTIVITY: Admin Action: Update Settings {"user_id":1,"username":"believeTeckk","ip":"::1","details":{"settings_updated":["site_name","site_description","contact_email","contact_phone","contact_address","working_hours","social_facebook","social_twitter","social_linkedin","google_analytics_id","recaptcha_site_key","recaptcha_secret_key","tinymce_api_key"]}}
[2025-04-03 11:53:52] ACTIVITY: Admin Action: Update Settings {"user_id":1,"username":"believeTeckk","ip":"::1","details":{"settings_updated":["site_name","site_description","contact_email","contact_phone","contact_address","working_hours","social_facebook","social_twitter","social_linkedin","google_analytics_id","recaptcha_site_key","recaptcha_secret_key","tinymce_api_key"]}}
[2025-04-15 18:59:40] ACTIVITY: Admin Action: Update Portfolio Category {"user_id":1,"username":"believeTeckk","ip":"::1","details":{"id":"7","name":"Graphic Designs"}}
[2025-04-15 18:59:40] ACTIVITY: Form Submission: Update Portfolio Category Form {"user_id":1,"username":"believeTeckk","ip":"::1","form_data":{"csrf_token":"a702071f7713ee9d1e1b4c69436a50d9f16f939a6f0044939de44f3510f6227e","action":"update_category","id":"7","name":"Graphic Designs","description":"Bringing your dream design into reality"}}
[2025-04-15 18:59:59] ACTIVITY: Admin Action: Update Portfolio Category {"user_id":1,"username":"believeTeckk","ip":"::1","details":{"id":"6","name":"Animation"}}
[2025-04-15 18:59:59] ACTIVITY: Form Submission: Update Portfolio Category Form {"user_id":1,"username":"believeTeckk","ip":"::1","form_data":{"csrf_token":"a702071f7713ee9d1e1b4c69436a50d9f16f939a6f0044939de44f3510f6227e","action":"update_category","id":"6","name":"Animation","description":"For all animated works"}}
[2025-04-15 19:00:08] ACTIVITY: Admin Action: Update Portfolio Category {"user_id":1,"username":"believeTeckk","ip":"::1","details":{"id":"1","name":"Web Development"}}
[2025-04-15 19:00:08] ACTIVITY: Form Submission: Update Portfolio Category Form {"user_id":1,"username":"believeTeckk","ip":"::1","form_data":{"csrf_token":"a702071f7713ee9d1e1b4c69436a50d9f16f939a6f0044939de44f3510f6227e","action":"update_category","id":"1","name":"Web Development","description":"Web development projects showcasing our expertise in building modern web applications"}}
[2025-04-15 19:00:16] ACTIVITY: Admin Action: Update Portfolio Category {"user_id":1,"username":"believeTeckk","ip":"::1","details":{"id":"2","name":"Mobile Apps"}}
[2025-04-15 19:00:16] ACTIVITY: Form Submission: Update Portfolio Category Form {"user_id":1,"username":"believeTeckk","ip":"::1","form_data":{"csrf_token":"a702071f7713ee9d1e1b4c69436a50d9f16f939a6f0044939de44f3510f6227e","action":"update_category","id":"2","name":"Mobile Apps","description":"Mobile application development projects for iOS and Android platforms"}}
[2025-04-17 17:29:35] ACTIVITY: Admin Action: Add Service {"user_id":1,"username":"believeTeckk","ip":"::1","details":{"title":"Data Analystics"}}
[2025-04-17 17:29:35] ACTIVITY: Form Submission: Add Service Form {"user_id":1,"username":"believeTeckk","ip":"::1","form_data":{"action":"add_service","title":"Data Analystics","icon":"<i class=\"fas fa-analytics\"><\/i>","description":"Data analytics can do much more than point out bottlenecks in production. Gaming companies use data analytics to set reward schedules for players that keep the majority of players active in the game.\r\n\r\n"}}
[2025-04-17 17:30:02] ACTIVITY: Admin Action: Update Service {"user_id":1,"username":"believeTeckk","ip":"::1","details":{"id":"8","title":"Data Analystics"}}
[2025-04-17 17:30:02] ACTIVITY: Form Submission: Update Service Form {"user_id":1,"username":"believeTeckk","ip":"::1","form_data":{"action":"update_service","id":"8","title":"Data Analystics","icon":"class=\"fas fa-analytics","description":"Data analytics can do much more than point out bottlenecks in production. Gaming companies use data analytics to set reward schedules for players that keep the majority of players active in the game.\r\n\r\n"}}
[2025-04-17 17:30:15] ACTIVITY: Admin Action: Update Service {"user_id":1,"username":"believeTeckk","ip":"::1","details":{"id":"8","title":"Data Analystics"}}
[2025-04-17 17:30:15] ACTIVITY: Form Submission: Update Service Form {"user_id":1,"username":"believeTeckk","ip":"::1","form_data":{"action":"update_service","id":"8","title":"Data Analystics","icon":"fas fa-analytics","description":"Data analytics can do much more than point out bottlenecks in production. Gaming companies use data analytics to set reward schedules for players that keep the majority of players active in the game.\r\n\r\n"}}
[2025-04-17 17:35:02] ACTIVITY: Admin Action: Update Service {"user_id":1,"username":"believeTeckk","ip":"::1","details":{"id":"8","title":"Data Analystics"}}
[2025-04-17 17:35:02] ACTIVITY: Form Submission: Update Service Form {"user_id":1,"username":"believeTeckk","ip":"::1","form_data":{"action":"update_service","id":"8","title":"Data Analystics","icon":"fa-solid fa-user-secret","description":"A Data Analyst is a professional who collects and analyzes data across the business to make informed decisions or assist other team members and leadership in making sound decisions."}}
